<?xml version="1.0" encoding="UTF-8"?>
<!-- Generated by org.testng.reporters.JUnitReportReporter -->
<testsuite hostname="SSTINDEVLP1190" failures="0" tests="1" name="com.tests.Login" time="4.617" errors="0" timestamp="2022-09-05T16:25:16 IST" skipped="0">
  <testcase classname="com.tests.Login" name="loginToApplication" time="4.617"/>
  <system-out/>
</testsuite> <!-- com.tests.Login -->
