<?xml version="1.0" encoding="UTF-8"?>
<!-- Generated by org.testng.reporters.JUnitReportReporter -->
<testsuite hostname="SSTINDEVLP1190" failures="0" tests="1" name="com.tests.Login" time="0.443" errors="0" timestamp="2022-09-19T12:43:49 IST" skipped="0">
  <testcase classname="com.tests.Login" name="loginToApplication" time="0.443"/>
  <system-out/>
</testsuite> <!-- com.tests.Login -->
