<?xml version="1.0" encoding="UTF-8"?>
<!-- Generated by org.testng.reporters.JUnitReportReporter -->
<testsuite skipped="0" hostname="SSTINDEVLP1190" name="com.tests.Login" tests="1" failures="0" timestamp="2022-09-19T13:21:17 IST" time="0.472" errors="0">
  <testcase name="loginToApplication" time="0.472" classname="com.tests.Login"/>
  <system-out/>
</testsuite> <!-- com.tests.Login -->
